Flow report for spi_adc_data
Wed Aug 02 13:10:09 2023
Quartus II 64-Bit Version 13.0.1 Build 232 06/12/2013 Service Pack 1 SJ Full Version


---------------------
; Table of Contents ;
---------------------
  1. Legal Notice
  2. Flow Summary
  3. Flow Settings
  4. Flow Non-Default Global Settings
  5. Flow Elapsed Time
  6. Flow OS Summary
  7. Flow Log
  8. Flow Messages
  9. Flow Suppressed Messages



----------------
; Legal Notice ;
----------------
Copyright (C) 1991-2013 Altera Corporation
Your use of Altera Corporation's design tools, logic functions 
and other software and tools, and its AMPP partner logic 
functions, and any output files from any of the foregoing 
(including device programming or simulation files), and any 
associated documentation or information are expressly subject 
to the terms and conditions of the Altera Program License 
Subscription Agreement, Altera MegaCore Function License 
Agreement, or other applicable license agreement, including, 
without limitation, that your use is for the sole purpose of 
programming logic devices manufactured by Altera and sold by 
Altera or its authorized distributors.  Please refer to the 
applicable agreement for further details.



+---------------------------------------------------------------------------------------+
; Flow Summary                                                                          ;
+------------------------------------+--------------------------------------------------+
; Flow Status                        ; Successful - Wed Aug 02 13:10:09 2023            ;
; Quartus II 64-Bit Version          ; 13.0.1 Build 232 06/12/2013 SP 1 SJ Full Version ;
; Revision Name                      ; spi_adc_data                                     ;
; Top-level Entity Name              ; spi_adc_data                                     ;
; Family                             ; Cyclone IV E                                     ;
; Device                             ; EP4CE10F17A7                                     ;
; Timing Models                      ; Final                                            ;
; Total logic elements               ; 1,917 / 10,320 ( 19 % )                          ;
;     Total combinational functions  ; 904 / 10,320 ( 9 % )                             ;
;     Dedicated logic registers      ; 1,668 / 10,320 ( 16 % )                          ;
; Total registers                    ; 1668                                             ;
; Total pins                         ; 42 / 180 ( 23 % )                                ;
; Total virtual pins                 ; 0                                                ;
; Total memory bits                  ; 205,916 / 423,936 ( 49 % )                       ;
; Embedded Multiplier 9-bit elements ; 0 / 46 ( 0 % )                                   ;
; Total PLLs                         ; 1 / 2 ( 50 % )                                   ;
+------------------------------------+--------------------------------------------------+


+-----------------------------------------+
; Flow Settings                           ;
+-------------------+---------------------+
; Option            ; Setting             ;
+-------------------+---------------------+
; Start date & time ; 08/02/2023 13:09:53 ;
; Main task         ; Compilation         ;
; Revision Name     ; spi_adc_data        ;
+-------------------+---------------------+


+----------------------------------------------------------------------------------------------------------------------------------------------------------------------------------------------------------------------------------------------------------------------------------------------------------------------------------------------------------------------------------------------------------------------+
; Flow Non-Default Global Settings                                                                                                                                                                                                                                                                                                                                                                                     ;
+-------------------------------------+-------------------------------------------------------------------------------------------------------------------------------------------------------------------------------------------------------------------------------------------------------------------------------------------------------------------------------+---------------+-------------+------------------+
; Assignment Name                     ; Value                                                                                                                                                                                                                                                                                                                         ; Default Value ; Entity Name ; Section Id       ;
+-------------------------------------+-------------------------------------------------------------------------------------------------------------------------------------------------------------------------------------------------------------------------------------------------------------------------------------------------------------------------------+---------------+-------------+------------------+
; COMPILER_SIGNATURE_ID               ; 345052807169.169095299324004                                                                                                                                                                                                                                                                                                  ; --            ; --          ; --               ;
; EDA_OUTPUT_DATA_FORMAT              ; Verilog Hdl                                                                                                                                                                                                                                                                                                                   ; --            ; --          ; eda_simulation   ;
; EDA_SIMULATION_TOOL                 ; ModelSim-Altera (Verilog)                                                                                                                                                                                                                                                                                                     ; <None>        ; --          ; --               ;
; ENABLE_SIGNALTAP                    ; On                                                                                                                                                                                                                                                                                                                            ; --            ; --          ; --               ;
; IP_TOOL_NAME                        ; RAM: 1-PORT                                                                                                                                                                                                                                                                                                                   ; --            ; --          ; --               ;
; IP_TOOL_NAME                        ; ALTPLL                                                                                                                                                                                                                                                                                                                        ; --            ; --          ; --               ;
; IP_TOOL_NAME                        ; ROM: 1-PORT                                                                                                                                                                                                                                                                                                                   ; --            ; --          ; --               ;
; IP_TOOL_NAME                        ; ROM: 1-PORT                                                                                                                                                                                                                                                                                                                   ; --            ; --          ; --               ;
; IP_TOOL_VERSION                     ; 13.1                                                                                                                                                                                                                                                                                                                          ; --            ; --          ; --               ;
; IP_TOOL_VERSION                     ; 13.0                                                                                                                                                                                                                                                                                                                          ; --            ; --          ; --               ;
; IP_TOOL_VERSION                     ; 13.0                                                                                                                                                                                                                                                                                                                          ; --            ; --          ; --               ;
; IP_TOOL_VERSION                     ; 13.0                                                                                                                                                                                                                                                                                                                          ; --            ; --          ; --               ;
; MAX_CORE_JUNCTION_TEMP              ; 125                                                                                                                                                                                                                                                                                                                           ; --            ; --          ; --               ;
; MIN_CORE_JUNCTION_TEMP              ; -40                                                                                                                                                                                                                                                                                                                           ; --            ; --          ; --               ;
; MISC_FILE                           ; ipcore/1port_ram/ram_1port_bb.v                                                                                                                                                                                                                                                                                               ; --            ; --          ; --               ;
; MISC_FILE                           ; ipcore/pll/pll_bb.v                                                                                                                                                                                                                                                                                                           ; --            ; --          ; --               ;
; MISC_FILE                           ; ipcore/pll/pll.ppf                                                                                                                                                                                                                                                                                                            ; --            ; --          ; --               ;
; MISC_FILE                           ; ipcore/rom/rom_1024_10b_bb.v                                                                                                                                                                                                                                                                                                  ; --            ; --          ; --               ;
; MISC_FILE                           ; ipcore/rom_tri/rom_1024_10b_tri_bb.v                                                                                                                                                                                                                                                                                          ; --            ; --          ; --               ;
; NOMINAL_CORE_SUPPLY_VOLTAGE         ; 1.2V                                                                                                                                                                                                                                                                                                                          ; --            ; --          ; --               ;
; PARTITION_COLOR                     ; 16764057                                                                                                                                                                                                                                                                                                                      ; --            ; --          ; Top              ;
; PARTITION_FITTER_PRESERVATION_LEVEL ; PLACEMENT_AND_ROUTING                                                                                                                                                                                                                                                                                                         ; --            ; --          ; Top              ;
; PARTITION_NETLIST_TYPE              ; SOURCE                                                                                                                                                                                                                                                                                                                        ; --            ; --          ; Top              ;
; POWER_BOARD_THERMAL_MODEL           ; None (CONSERVATIVE)                                                                                                                                                                                                                                                                                                           ; --            ; --          ; --               ;
; POWER_PRESET_COOLING_SOLUTION       ; 23 MM HEAT SINK WITH 200 LFPM AIRFLOW                                                                                                                                                                                                                                                                                         ; --            ; --          ; --               ;
; PROJECT_OUTPUT_DIRECTORY            ; output_files                                                                                                                                                                                                                                                                                                                  ; --            ; --          ; --               ;
; SLD_FILE                            ; D:/Programing/FPGA_proj/ADC_SPI/ipcore/pll/stp3_auto_stripped.stp                                                                                                                                                                                                                                                             ; --            ; --          ; --               ;
; SLD_NODE_CREATOR_ID                 ; 110                                                                                                                                                                                                                                                                                                                           ; --            ; --          ; auto_signaltap_0 ;
; SLD_NODE_ENTITY_NAME                ; sld_signaltap                                                                                                                                                                                                                                                                                                                 ; --            ; --          ; auto_signaltap_0 ;
; SLD_NODE_PARAMETER_ASSIGNMENT       ; SLD_NODE_INFO=805334528                                                                                                                                                                                                                                                                                                       ; --            ; --          ; auto_signaltap_0 ;
; SLD_NODE_PARAMETER_ASSIGNMENT       ; SLD_POWER_UP_TRIGGER=0                                                                                                                                                                                                                                                                                                        ; --            ; --          ; auto_signaltap_0 ;
; SLD_NODE_PARAMETER_ASSIGNMENT       ; SLD_STORAGE_QUALIFIER_INVERSION_MASK_LENGTH=0                                                                                                                                                                                                                                                                                 ; --            ; --          ; auto_signaltap_0 ;
; SLD_NODE_PARAMETER_ASSIGNMENT       ; SLD_ATTRIBUTE_MEM_MODE=OFF                                                                                                                                                                                                                                                                                                    ; --            ; --          ; auto_signaltap_0 ;
; SLD_NODE_PARAMETER_ASSIGNMENT       ; SLD_STATE_FLOW_USE_GENERATED=0                                                                                                                                                                                                                                                                                                ; --            ; --          ; auto_signaltap_0 ;
; SLD_NODE_PARAMETER_ASSIGNMENT       ; SLD_STATE_BITS=11                                                                                                                                                                                                                                                                                                             ; --            ; --          ; auto_signaltap_0 ;
; SLD_NODE_PARAMETER_ASSIGNMENT       ; SLD_BUFFER_FULL_STOP=1                                                                                                                                                                                                                                                                                                        ; --            ; --          ; auto_signaltap_0 ;
; SLD_NODE_PARAMETER_ASSIGNMENT       ; SLD_CURRENT_RESOURCE_WIDTH=1                                                                                                                                                                                                                                                                                                  ; --            ; --          ; auto_signaltap_0 ;
; SLD_NODE_PARAMETER_ASSIGNMENT       ; SLD_TRIGGER_LEVEL=1                                                                                                                                                                                                                                                                                                           ; --            ; --          ; auto_signaltap_0 ;
; SLD_NODE_PARAMETER_ASSIGNMENT       ; SLD_ADVANCED_TRIGGER_ENTITY=basic,1,                                                                                                                                                                                                                                                                                          ; --            ; --          ; auto_signaltap_0 ;
; SLD_NODE_PARAMETER_ASSIGNMENT       ; SLD_TRIGGER_LEVEL_PIPELINE=1                                                                                                                                                                                                                                                                                                  ; --            ; --          ; auto_signaltap_0 ;
; SLD_NODE_PARAMETER_ASSIGNMENT       ; SLD_ENABLE_ADVANCED_TRIGGER=0                                                                                                                                                                                                                                                                                                 ; --            ; --          ; auto_signaltap_0 ;
; SLD_NODE_PARAMETER_ASSIGNMENT       ; SLD_SEGMENT_SIZE=2048                                                                                                                                                                                                                                                                                                         ; --            ; --          ; auto_signaltap_0 ;
; SLD_NODE_PARAMETER_ASSIGNMENT       ; SLD_SAMPLE_DEPTH=2048                                                                                                                                                                                                                                                                                                         ; --            ; --          ; auto_signaltap_0 ;
; SLD_NODE_PARAMETER_ASSIGNMENT       ; SLD_TRIGGER_IN_ENABLED=1                                                                                                                                                                                                                                                                                                      ; --            ; --          ; auto_signaltap_0 ;
; SLD_NODE_PARAMETER_ASSIGNMENT       ; SLD_DATA_BITS=91                                                                                                                                                                                                                                                                                                              ; --            ; --          ; auto_signaltap_0 ;
; SLD_NODE_PARAMETER_ASSIGNMENT       ; SLD_TRIGGER_BITS=91                                                                                                                                                                                                                                                                                                           ; --            ; --          ; auto_signaltap_0 ;
; SLD_NODE_PARAMETER_ASSIGNMENT       ; SLD_INVERSION_MASK=0000000000000000000000000000000000000000000000000000000000000000000000000000000000000000000000000000000000000000000000000000000000000000000000000000000000000000000000000000000000000000000000000000000000000000000000000000000000000000000000000000000000000000000000000000000000000000000000000000000000 ; --            ; --          ; auto_signaltap_0 ;
; SLD_NODE_PARAMETER_ASSIGNMENT       ; SLD_INVERSION_MASK_LENGTH=298                                                                                                                                                                                                                                                                                                 ; --            ; --          ; auto_signaltap_0 ;
; SLD_NODE_PARAMETER_ASSIGNMENT       ; SLD_NODE_CRC_LOWORD=54799                                                                                                                                                                                                                                                                                                     ; --            ; --          ; auto_signaltap_0 ;
; SLD_NODE_PARAMETER_ASSIGNMENT       ; SLD_NODE_CRC_HIWORD=46262                                                                                                                                                                                                                                                                                                     ; --            ; --          ; auto_signaltap_0 ;
; USE_SIGNALTAP_FILE                  ; ipcore/pll/stp3.stp                                                                                                                                                                                                                                                                                                           ; --            ; --          ; --               ;
+-------------------------------------+-------------------------------------------------------------------------------------------------------------------------------------------------------------------------------------------------------------------------------------------------------------------------------------------------------------------------------+---------------+-------------+------------------+


+-------------------------------------------------------------------------------------------------------------------------------+
; Flow Elapsed Time                                                                                                             ;
+---------------------------+--------------+-------------------------+---------------------+------------------------------------+
; Module Name               ; Elapsed Time ; Average Processors Used ; Peak Virtual Memory ; Total CPU Time (on all processors) ;
+---------------------------+--------------+-------------------------+---------------------+------------------------------------+
; Analysis & Synthesis      ; 00:00:03     ; 1.0                     ; 4705 MB             ; 00:00:04                           ;
; Fitter                    ; 00:00:06     ; 1.0                     ; 5726 MB             ; 00:00:08                           ;
; Assembler                 ; 00:00:01     ; 1.0                     ; 4556 MB             ; 00:00:01                           ;
; TimeQuest Timing Analyzer ; 00:00:02     ; 1.0                     ; 4717 MB             ; 00:00:02                           ;
; EDA Netlist Writer        ; 00:00:01     ; 1.0                     ; 4551 MB             ; 00:00:02                           ;
; Total                     ; 00:00:13     ; --                      ; --                  ; 00:00:17                           ;
+---------------------------+--------------+-------------------------+---------------------+------------------------------------+


+----------------------------------------------------------------------------------------+
; Flow OS Summary                                                                        ;
+---------------------------+------------------+-----------+------------+----------------+
; Module Name               ; Machine Hostname ; OS Name   ; OS Version ; Processor type ;
+---------------------------+------------------+-----------+------------+----------------+
; Analysis & Synthesis      ; DESKTOP-VG5MJ9D  ; Windows 7 ; 6.2        ; x86_64         ;
; Fitter                    ; DESKTOP-VG5MJ9D  ; Windows 7 ; 6.2        ; x86_64         ;
; Assembler                 ; DESKTOP-VG5MJ9D  ; Windows 7 ; 6.2        ; x86_64         ;
; TimeQuest Timing Analyzer ; DESKTOP-VG5MJ9D  ; Windows 7 ; 6.2        ; x86_64         ;
; EDA Netlist Writer        ; DESKTOP-VG5MJ9D  ; Windows 7 ; 6.2        ; x86_64         ;
+---------------------------+------------------+-----------+------------+----------------+


------------
; Flow Log ;
------------
quartus_map --read_settings_files=on --write_settings_files=off spi_adc_data -c spi_adc_data
quartus_fit --read_settings_files=off --write_settings_files=off spi_adc_data -c spi_adc_data
quartus_asm --read_settings_files=off --write_settings_files=off spi_adc_data -c spi_adc_data
quartus_sta spi_adc_data -c spi_adc_data
quartus_eda --read_settings_files=off --write_settings_files=off spi_adc_data -c spi_adc_data



